<?xml version="1.0" encoding="UTF-8"?>
<!-- Generated by org.testng.reporters.JUnitReportReporter -->
<testsuite hostname="LAPTOP-D9B72J2S" failures="0" tests="1" name="cucumberOptions.TestRunner" time="33.088" errors="0" timestamp="2021-12-24T17:43:36 IST" skipped="0">
  <testcase classname="cucumberOptions.TestRunner" name="feature" time="33.088"/>
  <system-out/>
</testsuite> <!-- cucumberOptions.TestRunner -->
