<?xml version="1.0" encoding="UTF-8"?>
<!-- Generated by org.testng.reporters.JUnitReportReporter -->
<testsuite hostname="LAPTOP-D9B72J2S" failures="0" tests="1" name="cucumberOptions.TestRunner" time="34.588" errors="0" timestamp="24 Dec 2021 12:49:43 GMT">
  <testcase classname="cucumberOptions.TestRunner" name="feature" time="34.588"/>
</testsuite> <!-- cucumberOptions.TestRunner -->
